# JRE version: Java(TM) SE Runtime Environment (8.0_201-b09) (build 1.8.0_201-b09)
# Java VM: Java HotSpot(TM) 64-Bit Server VM (25.201-b09 mixed mode windows-amd64 compressed oops)
Heap:
 PSYoungGen      total 153600K, used 74249K [0x00000000eab00000, 0x00000000f7980000, 0x0000000100000000)
  eden space 139776K, 43% used [0x00000000eab00000,0x00000000ee60a0c0,0x00000000f3380000)
  from space 13824K, 99% used [0x00000000f3380000,0x00000000f40f8340,0x00000000f4100000)
  to   space 20480K, 0% used [0x00000000f6580000,0x00000000f6580000,0x00000000f7980000)
 ParOldGen       total 93184K, used 31734K [0x00000000c0000000, 0x00000000c5b00000, 0x00000000eab00000)
  object space 93184K, 34% used [0x00000000c0000000,0x00000000c1efd850,0x00000000c5b00000)
 Metaspace       used 44742K, capacity 45748K, committed 45824K, reserved 1089536K
  class space    used 6331K, capacity 6631K, committed 6656K, reserved 1048576K
GC Heap History (10 events):
Event: 10.600 GC heap before
{Heap before GC invocations=11 (full 2):
 PSYoungGen      total 106496K, used 8621K [0x00000000eab00000, 0x00000000f4980000, 0x0000000100000000)
  eden space 94208K, 0% used [0x00000000eab00000,0x00000000eab00000,0x00000000f0700000)
  from space 12288K, 70% used [0x00000000f0700000,0x00000000f0f6b400,0x00000000f1300000)
  to   space 12288K, 0% used [0x00000000f3d80000,0x00000000f3d80000,0x00000000f4980000)
 ParOldGen       total 58880K, used 12558K [0x00000000c0000000, 0x00000000c3980000, 0x00000000eab00000)
  object space 58880K, 21% used [0x00000000c0000000,0x00000000c0c43b58,0x00000000c3980000)
 Metaspace       used 34603K, capacity 35340K, committed 35496K, reserved 1079296K
  class space    used 5078K, capacity 5269K, committed 5376K, reserved 1048576K
Event: 10.705 GC heap after
Heap after GC invocations=11 (full 2):
 PSYoungGen      total 106496K, used 0K [0x00000000eab00000, 0x00000000f4980000, 0x0000000100000000)
  eden space 94208K, 0% used [0x00000000eab00000,0x00000000eab00000,0x00000000f0700000)
  from space 12288K, 0% used [0x00000000f0700000,0x00000000f0700000,0x00000000f1300000)
  to   space 12288K, 0% used [0x00000000f3d80000,0x00000000f3d80000,0x00000000f4980000)
 ParOldGen       total 93184K, used 17995K [0x00000000c0000000, 0x00000000c5b00000, 0x00000000eab00000)
  object space 93184K, 19% used [0x00000000c0000000,0x00000000c1192c98,0x00000000c5b00000)
 Metaspace       used 34603K, capacity 35340K, committed 35496K, reserved 1079296K
  class space    used 5078K, capacity 5269K, committed 5376K, reserved 1048576K
}
Event: 12.386 GC heap before
{Heap before GC invocations=12 (full 2):
 PSYoungGen      total 106496K, used 94208K [0x00000000eab00000, 0x00000000f4980000, 0x0000000100000000)
  eden space 94208K, 100% used [0x00000000eab00000,0x00000000f0700000,0x00000000f0700000)
  from space 12288K, 0% used [0x00000000f0700000,0x00000000f0700000,0x00000000f1300000)
  to   space 12288K, 0% used [0x00000000f3d80000,0x00000000f3d80000,0x00000000f4980000)
 ParOldGen       total 93184K, used 17995K [0x00000000c0000000, 0x00000000c5b00000, 0x00000000eab00000)
  object space 93184K, 19% used [0x00000000c0000000,0x00000000c1192c98,0x00000000c5b00000)
 Metaspace       used 37170K, capacity 38030K, committed 38144K, reserved 1081344K
  class space    used 5363K, capacity 5601K, committed 5632K, reserved 1048576K
Event: 12.397 GC heap after
Heap after GC invocations=12 (full 2):
 PSYoungGen      total 122368K, used 6946K [0x00000000eab00000, 0x00000000f4480000, 0x0000000100000000)
  eden space 115200K, 0% used [0x00000000eab00000,0x00000000eab00000,0x00000000f1b80000)
  from space 7168K, 96% used [0x00000000f3d80000,0x00000000f4448bd8,0x00000000f4480000)
  to   space 11776K, 0% used [0x00000000f2d80000,0x00000000f2d80000,0x00000000f3900000)
 ParOldGen       total 93184K, used 18003K [0x00000000c0000000, 0x00000000c5b00000, 0x00000000eab00000)
  object space 93184K, 19% used [0x00000000c0000000,0x00000000c1194c98,0x00000000c5b00000)
 Metaspace       used 37170K, capacity 38030K, committed 38144K, reserved 1081344K
  class space    used 5363K, capacity 5601K, committed 5632K, reserved 1048576K
}
Event: 13.476 GC heap before
{Heap before GC invocations=13 (full 2):
 PSYoungGen      total 122368K, used 122146K [0x00000000eab00000, 0x00000000f4480000, 0x0000000100000000)
  eden space 115200K, 100% used [0x00000000eab00000,0x00000000f1b80000,0x00000000f1b80000)
  from space 7168K, 96% used [0x00000000f3d80000,0x00000000f4448bd8,0x00000000f4480000)
  to   space 11776K, 0% used [0x00000000f2d80000,0x00000000f2d80000,0x00000000f3900000)
 ParOldGen       total 93184K, used 18003K [0x00000000c0000000, 0x00000000c5b00000, 0x00000000eab00000)
  object space 93184K, 19% used [0x00000000c0000000,0x00000000c1194c98,0x00000000c5b00000)
 Metaspace       used 38684K, capacity 39640K, committed 39680K, reserved 1083392K
  class space    used 5577K, capacity 5853K, committed 5888K, reserved 1048576K
Event: 13.488 GC heap after
Heap after GC invocations=13 (full 2):
 PSYoungGen      total 145408K, used 11698K [0x00000000eab00000, 0x00000000f4e00000, 0x0000000100000000)
  eden space 133632K, 0% used [0x00000000eab00000,0x00000000eab00000,0x00000000f2d80000)
  from space 11776K, 99% used [0x00000000f2d80000,0x00000000f38eca50,0x00000000f3900000)
  to   space 13312K, 0% used [0x00000000f4100000,0x00000000f4100000,0x00000000f4e00000)
 ParOldGen       total 93184K, used 18011K [0x00000000c0000000, 0x00000000c5b00000, 0x00000000eab00000)
  object space 93184K, 19% used [0x00000000c0000000,0x00000000c1196c98,0x00000000c5b00000)
 Metaspace       used 38684K, capacity 39640K, committed 39680K, reserved 1083392K
  class space    used 5577K, capacity 5853K, committed 5888K, reserved 1048576K
}
Event: 14.287 GC heap before
{Heap before GC invocations=14 (full 2):
 PSYoungGen      total 145408K, used 145330K [0x00000000eab00000, 0x00000000f4e00000, 0x0000000100000000)
  eden space 133632K, 100% used [0x00000000eab00000,0x00000000f2d80000,0x00000000f2d80000)
  from space 11776K, 99% used [0x00000000f2d80000,0x00000000f38eca50,0x00000000f3900000)
  to   space 13312K, 0% used [0x00000000f4100000,0x00000000f4100000,0x00000000f4e00000)
 ParOldGen       total 93184K, used 18011K [0x00000000c0000000, 0x00000000c5b00000, 0x00000000eab00000)
  object space 93184K, 19% used [0x00000000c0000000,0x00000000c1196c98,0x00000000c5b00000)
 Metaspace       used 39245K, capacity 40120K, committed 40192K, reserved 1083392K
  class space    used 5632K, capacity 5885K, committed 5888K, reserved 1048576K
Event: 14.298 GC heap after
Heap after GC invocations=14 (full 2):
 PSYoungGen      total 153088K, used 11264K [0x00000000eab00000, 0x00000000f6500000, 0x0000000100000000)
  eden space 139776K, 0% used [0x00000000eab00000,0x00000000eab00000,0x00000000f3380000)
  from space 13312K, 84% used [0x00000000f4100000,0x00000000f4c00040,0x00000000f4e00000)
  to   space 13824K, 0% used [0x00000000f3380000,0x00000000f3380000,0x00000000f4100000)
 ParOldGen       total 93184K, used 18019K [0x00000000c0000000, 0x00000000c5b00000, 0x00000000eab00000)
  object space 93184K, 19% used [0x00000000c0000000,0x00000000c1198c98,0x00000000c5b00000)
 Metaspace       used 39245K, capacity 40120K, committed 40192K, reserved 1083392K
  class space    used 5632K, capacity 5885K, committed 5888K, reserved 1048576K
}
Event: 17.246 GC heap before
{Heap before GC invocations=15 (full 2):
 PSYoungGen      total 153088K, used 151040K [0x00000000eab00000, 0x00000000f6500000, 0x0000000100000000)
  eden space 139776K, 100% used [0x00000000eab00000,0x00000000f3380000,0x00000000f3380000)
  from space 13312K, 84% used [0x00000000f4100000,0x00000000f4c00040,0x00000000f4e00000)
  to   space 13824K, 0% used [0x00000000f3380000,0x00000000f3380000,0x00000000f4100000)
 ParOldGen       total 93184K, used 18019K [0x00000000c0000000, 0x00000000c5b00000, 0x00000000eab00000)
  object space 93184K, 19% used [0x00000000c0000000,0x00000000c1198c98,0x00000000c5b00000)
 Metaspace       used 44028K, capacity 44948K, committed 45312K, reserved 1087488K
  class space    used 6251K, capacity 6535K, committed 6656K, reserved 1048576K
Event: 17.288 GC heap after
Heap after GC invocations=15 (full 2):
 PSYoungGen      total 153600K, used 13792K [0x00000000eab00000, 0x00000000f7980000, 0x0000000100000000)
  eden space 139776K, 0% used [0x00000000eab00000,0x00000000eab00000,0x00000000f3380000)
  from space 13824K, 99% used [0x00000000f3380000,0x00000000f40f8340,0x00000000f4100000)
  to   space 20480K, 0% used [0x00000000f6580000,0x00000000f6580000,0x00000000f7980000)
 ParOldGen       total 93184K, used 31734K [0x00000000c0000000, 0x00000000c5b00000, 0x00000000eab00000)
  object space 93184K, 34% used [0x00000000c0000000,0x00000000c1efd850,0x00000000c5b00000)
 Metaspace       used 44028K, capacity 44948K, committed 45312K, reserved 1087488K
  class space    used 6251K, capacity 6535K, committed 6656K, reserved 1048576K
}

