# JRE version: Java(TM) SE Runtime Environment (8.0_201-b09) (build 1.8.0_201-b09)
# Java VM: Java HotSpot(TM) 64-Bit Server VM (25.201-b09 mixed mode windows-amd64 compressed oops)
Heap:
 PSYoungGen      total 182784K, used 81201K [0x00000000eab00000, 0x00000000f8380000, 0x0000000100000000)
  eden space 171520K, 40% used [0x00000000eab00000,0x00000000eef54720,0x00000000f5280000)
  from space 11264K, 99% used [0x00000000f6280000,0x00000000f6d78050,0x00000000f6d80000)
  to   space 16384K, 0% used [0x00000000f5280000,0x00000000f5280000,0x00000000f6280000)
 ParOldGen       total 79872K, used 20941K [0x00000000c0000000, 0x00000000c4e00000, 0x00000000eab00000)
  object space 79872K, 26% used [0x00000000c0000000,0x00000000c14737e0,0x00000000c4e00000)
 Metaspace       used 42798K, capacity 43818K, committed 43904K, reserved 1087488K
  class space    used 5945K, capacity 6240K, committed 6272K, reserved 1048576K
GC Heap History (10 events):
Event: 13.140 GC heap before
{Heap before GC invocations=10 (full 1):
 PSYoungGen      total 128512K, used 68299K [0x00000000eab00000, 0x00000000f3480000, 0x0000000100000000)
  eden space 118272K, 49% used [0x00000000eab00000,0x00000000ee3f2d60,0x00000000f1e80000)
  from space 10240K, 97% used [0x00000000f2a80000,0x00000000f3440200,0x00000000f3480000)
  to   space 11264K, 0% used [0x00000000f1e80000,0x00000000f1e80000,0x00000000f2980000)
 ParOldGen       total 50688K, used 7158K [0x00000000c0000000, 0x00000000c3180000, 0x00000000eab00000)
  object space 50688K, 14% used [0x00000000c0000000,0x00000000c06fd888,0x00000000c3180000)
 Metaspace       used 34690K, capacity 35386K, committed 35456K, reserved 1079296K
  class space    used 4775K, capacity 4981K, committed 4992K, reserved 1048576K
Event: 13.152 GC heap after
Heap after GC invocations=10 (full 1):
 PSYoungGen      total 129536K, used 11258K [0x00000000eab00000, 0x00000000f6f00000, 0x0000000100000000)
  eden space 118272K, 0% used [0x00000000eab00000,0x00000000eab00000,0x00000000f1e80000)
  from space 11264K, 99% used [0x00000000f1e80000,0x00000000f297e940,0x00000000f2980000)
  to   space 12800K, 0% used [0x00000000f6280000,0x00000000f6280000,0x00000000f6f00000)
 ParOldGen       total 50688K, used 7454K [0x00000000c0000000, 0x00000000c3180000, 0x00000000eab00000)
  object space 50688K, 14% used [0x00000000c0000000,0x00000000c0747bc0,0x00000000c3180000)
 Metaspace       used 34690K, capacity 35386K, committed 35456K, reserved 1079296K
  class space    used 4775K, capacity 4981K, committed 4992K, reserved 1048576K
}
Event: 13.152 GC heap before
{Heap before GC invocations=11 (full 2):
 PSYoungGen      total 129536K, used 11258K [0x00000000eab00000, 0x00000000f6f00000, 0x0000000100000000)
  eden space 118272K, 0% used [0x00000000eab00000,0x00000000eab00000,0x00000000f1e80000)
  from space 11264K, 99% used [0x00000000f1e80000,0x00000000f297e940,0x00000000f2980000)
  to   space 12800K, 0% used [0x00000000f6280000,0x00000000f6280000,0x00000000f6f00000)
 ParOldGen       total 50688K, used 7454K [0x00000000c0000000, 0x00000000c3180000, 0x00000000eab00000)
  object space 50688K, 14% used [0x00000000c0000000,0x00000000c0747bc0,0x00000000c3180000)
 Metaspace       used 34690K, capacity 35386K, committed 35456K, reserved 1079296K
  class space    used 4775K, capacity 4981K, committed 4992K, reserved 1048576K
Event: 13.269 GC heap after
Heap after GC invocations=11 (full 2):
 PSYoungGen      total 129536K, used 0K [0x00000000eab00000, 0x00000000f6f00000, 0x0000000100000000)
  eden space 118272K, 0% used [0x00000000eab00000,0x00000000eab00000,0x00000000f1e80000)
  from space 11264K, 0% used [0x00000000f1e80000,0x00000000f1e80000,0x00000000f2980000)
  to   space 12800K, 0% used [0x00000000f6280000,0x00000000f6280000,0x00000000f6f00000)
 ParOldGen       total 79872K, used 17730K [0x00000000c0000000, 0x00000000c4e00000, 0x00000000eab00000)
  object space 79872K, 22% used [0x00000000c0000000,0x00000000c1150be8,0x00000000c4e00000)
 Metaspace       used 34516K, capacity 35082K, committed 35456K, reserved 1079296K
  class space    used 4735K, capacity 4901K, committed 4992K, reserved 1048576K
}
Event: 15.125 GC heap before
{Heap before GC invocations=12 (full 2):
 PSYoungGen      total 129536K, used 118272K [0x00000000eab00000, 0x00000000f6f00000, 0x0000000100000000)
  eden space 118272K, 100% used [0x00000000eab00000,0x00000000f1e80000,0x00000000f1e80000)
  from space 11264K, 0% used [0x00000000f1e80000,0x00000000f1e80000,0x00000000f2980000)
  to   space 12800K, 0% used [0x00000000f6280000,0x00000000f6280000,0x00000000f6f00000)
 ParOldGen       total 79872K, used 17730K [0x00000000c0000000, 0x00000000c4e00000, 0x00000000eab00000)
  object space 79872K, 22% used [0x00000000c0000000,0x00000000c1150be8,0x00000000c4e00000)
 Metaspace       used 40667K, capacity 41498K, committed 41856K, reserved 1085440K
  class space    used 5673K, capacity 5923K, committed 6016K, reserved 1048576K
Event: 15.138 GC heap after
Heap after GC invocations=12 (full 2):
 PSYoungGen      total 161280K, used 11014K [0x00000000eab00000, 0x00000000f6d80000, 0x0000000100000000)
  eden space 150016K, 0% used [0x00000000eab00000,0x00000000eab00000,0x00000000f3d80000)
  from space 11264K, 97% used [0x00000000f6280000,0x00000000f6d41b28,0x00000000f6d80000)
  to   space 13824K, 0% used [0x00000000f5280000,0x00000000f5280000,0x00000000f6000000)
 ParOldGen       total 79872K, used 17738K [0x00000000c0000000, 0x00000000c4e00000, 0x00000000eab00000)
  object space 79872K, 22% used [0x00000000c0000000,0x00000000c1152be8,0x00000000c4e00000)
 Metaspace       used 40667K, capacity 41498K, committed 41856K, reserved 1085440K
  class space    used 5673K, capacity 5923K, committed 6016K, reserved 1048576K
}
Event: 16.306 GC heap before
{Heap before GC invocations=13 (full 2):
 PSYoungGen      total 161280K, used 161030K [0x00000000eab00000, 0x00000000f6d80000, 0x0000000100000000)
  eden space 150016K, 100% used [0x00000000eab00000,0x00000000f3d80000,0x00000000f3d80000)
  from space 11264K, 97% used [0x00000000f6280000,0x00000000f6d41b28,0x00000000f6d80000)
  to   space 13824K, 0% used [0x00000000f5280000,0x00000000f5280000,0x00000000f6000000)
 ParOldGen       total 79872K, used 17738K [0x00000000c0000000, 0x00000000c4e00000, 0x00000000eab00000)
  object space 79872K, 22% used [0x00000000c0000000,0x00000000c1152be8,0x00000000c4e00000)
 Metaspace       used 41617K, capacity 42540K, committed 42752K, reserved 1085440K
  class space    used 5795K, capacity 6075K, committed 6144K, reserved 1048576K
Event: 16.329 GC heap after
Heap after GC invocations=13 (full 2):
 PSYoungGen      total 163840K, used 13520K [0x00000000eab00000, 0x00000000f6d80000, 0x0000000100000000)
  eden space 150016K, 0% used [0x00000000eab00000,0x00000000eab00000,0x00000000f3d80000)
  from space 13824K, 97% used [0x00000000f5280000,0x00000000f5fb4040,0x00000000f6000000)
  to   space 11264K, 0% used [0x00000000f6280000,0x00000000f6280000,0x00000000f6d80000)
 ParOldGen       total 79872K, used 17746K [0x00000000c0000000, 0x00000000c4e00000, 0x00000000eab00000)
  object space 79872K, 22% used [0x00000000c0000000,0x00000000c1154be8,0x00000000c4e00000)
 Metaspace       used 41617K, capacity 42540K, committed 42752K, reserved 1085440K
  class space    used 5795K, capacity 6075K, committed 6144K, reserved 1048576K
}
Event: 17.480 GC heap before
{Heap before GC invocations=14 (full 2):
 PSYoungGen      total 163840K, used 163536K [0x00000000eab00000, 0x00000000f6d80000, 0x0000000100000000)
  eden space 150016K, 100% used [0x00000000eab00000,0x00000000f3d80000,0x00000000f3d80000)
  from space 13824K, 97% used [0x00000000f5280000,0x00000000f5fb4040,0x00000000f6000000)
  to   space 11264K, 0% used [0x00000000f6280000,0x00000000f6280000,0x00000000f6d80000)
 ParOldGen       total 79872K, used 17746K [0x00000000c0000000, 0x00000000c4e00000, 0x00000000eab00000)
  object space 79872K, 22% used [0x00000000c0000000,0x00000000c1154be8,0x00000000c4e00000)
 Metaspace       used 42793K, capacity 43818K, committed 43904K, reserved 1087488K
  class space    used 5945K, capacity 6240K, committed 6272K, reserved 1048576K
Event: 17.494 GC heap after
Heap after GC invocations=14 (full 2):
 PSYoungGen      total 182784K, used 11232K [0x00000000eab00000, 0x00000000f8380000, 0x0000000100000000)
  eden space 171520K, 0% used [0x00000000eab00000,0x00000000eab00000,0x00000000f5280000)
  from space 11264K, 99% used [0x00000000f6280000,0x00000000f6d78050,0x00000000f6d80000)
  to   space 16384K, 0% used [0x00000000f5280000,0x00000000f5280000,0x00000000f6280000)
 ParOldGen       total 79872K, used 20941K [0x00000000c0000000, 0x00000000c4e00000, 0x00000000eab00000)
  object space 79872K, 26% used [0x00000000c0000000,0x00000000c14737e0,0x00000000c4e00000)
 Metaspace       used 42793K, capacity 43818K, committed 43904K, reserved 1087488K
  class space    used 5945K, capacity 6240K, committed 6272K, reserved 1048576K
}

